{"/Users/zhangjiao/前端学习/webpack/webpcak-learn/package/build-webpack/lib/webpack.base.js":{"path":"/Users/zhangjiao/前端学习/webpack/webpcak-learn/package/build-webpack/lib/webpack.base.js","s":{"1":1,"2":1,"3":1,"4":1,"5":1,"6":1,"7":1,"8":1,"9":1,"10":1,"11":1,"12":2,"13":2,"14":2,"15":2,"16":2,"17":1,"18":1,"19":1,"20":0,"21":0,"22":0},"b":{"1":[2,2],"2":[0,0],"3":[0,0,0]},"f":{"1":0},"fnMap":{"1":{"name":"statusErrorFun","line":126,"loc":{"start":{"line":126,"column":4},"end":{"line":126,"column":30}}}},"statementMap":{"1":{"start":{"line":1,"column":0},"end":{"line":1,"column":29}},"2":{"start":{"line":2,"column":0},"end":{"line":2,"column":29}},"3":{"start":{"line":3,"column":0},"end":{"line":3,"column":57}},"4":{"start":{"line":4,"column":0},"end":{"line":4,"column":71}},"5":{"start":{"line":5,"column":0},"end":{"line":5,"column":64}},"6":{"start":{"line":7,"column":0},"end":{"line":7,"column":34}},"7":{"start":{"line":10,"column":0},"end":{"line":45,"column":2}},"8":{"start":{"line":11,"column":2},"end":{"line":11,"column":19}},"9":{"start":{"line":12,"column":2},"end":{"line":12,"column":31}},"10":{"start":{"line":15,"column":2},"end":{"line":15,"column":75}},"11":{"start":{"line":16,"column":2},"end":{"line":39,"column":5}},"12":{"start":{"line":17,"column":4},"end":{"line":17,"column":40}},"13":{"start":{"line":19,"column":4},"end":{"line":19,"column":57}},"14":{"start":{"line":20,"column":4},"end":{"line":20,"column":39}},"15":{"start":{"line":22,"column":4},"end":{"line":22,"column":32}},"16":{"start":{"line":24,"column":4},"end":{"line":38,"column":6}},"17":{"start":{"line":41,"column":2},"end":{"line":44,"column":4}},"18":{"start":{"line":47,"column":0},"end":{"line":47,"column":46}},"19":{"start":{"line":49,"column":0},"end":{"line":140,"column":2}},"20":{"start":{"line":127,"column":6},"end":{"line":136,"column":9}},"21":{"start":{"line":128,"column":8},"end":{"line":135,"column":9}},"22":{"start":{"line":134,"column":10},"end":{"line":134,"column":26}}},"branchMap":{"1":{"line":20,"type":"binary-expr","locations":[{"start":{"line":20,"column":21},"end":{"line":20,"column":26}},{"start":{"line":20,"column":30},"end":{"line":20,"column":38}}]},"2":{"line":128,"type":"if","locations":[{"start":{"line":128,"column":8},"end":{"line":128,"column":8}},{"start":{"line":128,"column":8},"end":{"line":128,"column":8}}]},"3":{"line":129,"type":"binary-expr","locations":[{"start":{"line":129,"column":10},"end":{"line":129,"column":34}},{"start":{"line":130,"column":10},"end":{"line":130,"column":41}},{"start":{"line":131,"column":10},"end":{"line":131,"column":48}}]}}}}